2019-11-20 16:22:51,065  INFO [main] TestBase:34 - **** Load Properties File Successfully ****
2019-11-20 16:22:54,075  INFO [main] ProjectsPageTest:34 - *********************** SETUP - Starting test cases execution ***************************
2019-11-20 16:24:00,633  INFO [main] TestBase:54 - **** Application Run With Firefox Browser ****
2019-11-20 16:24:01,530  INFO [main] TestBase:34 - **** Load Properties File Successfully ****
2019-11-20 16:24:06,812  INFO [main] TestBase:74 - **** entering application URL ****
2019-11-20 16:24:06,832  INFO [main] TestBase:34 - **** Load Properties File Successfully ****
2019-11-20 16:24:06,898  INFO [main] TestBase:34 - **** Load Properties File Successfully ****
2019-11-20 16:24:13,366  INFO [main] TestBase:34 - **** Load Properties File Successfully ****
2019-11-20 16:24:14,779  INFO [main] HomePage:188 - *** Move to the element *Admin* ***
2019-11-20 16:24:15,667  INFO [main] HomePage:192 - *** Move to the element *Project Info* ***
2019-11-20 16:24:15,969  INFO [main] HomePage:195 - *** Element is Clicked  *Projects* ***
2019-11-20 16:24:15,999  INFO [main] TestBase:34 - **** Load Properties File Successfully ****
2019-11-20 16:24:16,160  INFO [main] ProjectsPageTest:52 - *************************** START - add New Project Test ******************************
2019-11-20 16:24:16,578  INFO [main] JobCategoriesPage:44 - *** Add button is clicked ***
2019-11-20 16:24:48,532 ERROR [main] JobCategoriesPage:54 - *** Web Driver Couldn't locate the element ***
org.openqa.selenium.NoSuchElementException: Unable to locate element: //input[@id='addProject_customerName']
For documentation on this error, please visit: https://www.seleniumhq.org/exceptions/no_such_element.html
Build info: version: '3.141.59', revision: 'e82be7d358', time: '2018-11-14T08:17:03'
System info: host: 'INSIDE-PC', ip: '192.168.56.1', os.name: 'Windows 7', os.arch: 'amd64', os.version: '6.1', java.version: '1.8.0_191'
Driver info: org.openqa.selenium.firefox.FirefoxDriver
Capabilities {acceptInsecureCerts: true, browserName: firefox, browserVersion: 70.0.1, javascriptEnabled: true, moz:accessibilityChecks: false, moz:buildID: 20191030021342, moz:geckodriverVersion: 0.25.0, moz:headless: false, moz:processID: 3272, moz:profile: C:\Users\Inside\AppData\Loc..., moz:shutdownTimeout: 60000, moz:useNonSpecCompliantPointerOrigin: false, moz:webdriverClick: true, pageLoadStrategy: normal, platform: WINDOWS, platformName: WINDOWS, platformVersion: 6.1, rotatable: false, setWindowRect: true, strictFileInteractability: false, timeouts: {implicit: 0, pageLoad: 300000, script: 30000}, unhandledPromptBehavior: dismiss and notify}
Session ID: c4451a75-36c8-40f3-8225-ffdbea9b08f7
*** Element info: {Using=xpath, value=//input[@id='addProject_customerName']}
	at sun.reflect.NativeConstructorAccessorImpl.newInstance0(Native Method)
	at sun.reflect.NativeConstructorAccessorImpl.newInstance(Unknown Source)
	at sun.reflect.DelegatingConstructorAccessorImpl.newInstance(Unknown Source)
	at java.lang.reflect.Constructor.newInstance(Unknown Source)
	at org.openqa.selenium.remote.http.W3CHttpResponseCodec.createException(W3CHttpResponseCodec.java:187)
	at org.openqa.selenium.remote.http.W3CHttpResponseCodec.decode(W3CHttpResponseCodec.java:122)
	at org.openqa.selenium.remote.http.W3CHttpResponseCodec.decode(W3CHttpResponseCodec.java:49)
	at org.openqa.selenium.remote.HttpCommandExecutor.execute(HttpCommandExecutor.java:158)
	at org.openqa.selenium.remote.service.DriverCommandExecutor.execute(DriverCommandExecutor.java:83)
	at org.openqa.selenium.remote.RemoteWebDriver.execute(RemoteWebDriver.java:552)
	at org.openqa.selenium.remote.RemoteWebDriver.findElement(RemoteWebDriver.java:323)
	at org.openqa.selenium.remote.RemoteWebDriver.findElementByXPath(RemoteWebDriver.java:428)
	at org.openqa.selenium.By$ByXPath.findElement(By.java:353)
	at org.openqa.selenium.remote.RemoteWebDriver.findElement(RemoteWebDriver.java:315)
	at sun.reflect.NativeMethodAccessorImpl.invoke0(Native Method)
	at sun.reflect.NativeMethodAccessorImpl.invoke(Unknown Source)
	at sun.reflect.DelegatingMethodAccessorImpl.invoke(Unknown Source)
	at java.lang.reflect.Method.invoke(Unknown Source)
	at org.openqa.selenium.support.events.EventFiringWebDriver.lambda$new$1(EventFiringWebDriver.java:105)
	at com.sun.proxy.$Proxy8.findElement(Unknown Source)
	at org.openqa.selenium.support.events.EventFiringWebDriver.findElement(EventFiringWebDriver.java:194)
	at org.openqa.selenium.support.pagefactory.DefaultElementLocator.findElement(DefaultElementLocator.java:69)
	at org.openqa.selenium.support.pagefactory.internal.LocatingElementHandler.invoke(LocatingElementHandler.java:38)
	at com.sun.proxy.$Proxy12.sendKeys(Unknown Source)
	at com.crm.qa.pages.ProjectsPage.addNewProject(ProjectsPage.java:45)
	at com.crm.qa.testcases.ProjectsPageTest.addNewProjectTest(ProjectsPageTest.java:53)
	at sun.reflect.NativeMethodAccessorImpl.invoke0(Native Method)
	at sun.reflect.NativeMethodAccessorImpl.invoke(Unknown Source)
	at sun.reflect.DelegatingMethodAccessorImpl.invoke(Unknown Source)
	at java.lang.reflect.Method.invoke(Unknown Source)
	at org.testng.internal.MethodInvocationHelper.invokeMethod(MethodInvocationHelper.java:124)
	at org.testng.internal.Invoker.invokeMethod(Invoker.java:583)
	at org.testng.internal.Invoker.invokeTestMethod(Invoker.java:719)
	at org.testng.internal.Invoker.invokeTestMethods(Invoker.java:989)
	at org.testng.internal.TestMethodWorker.invokeTestMethods(TestMethodWorker.java:125)
	at org.testng.internal.TestMethodWorker.run(TestMethodWorker.java:109)
	at org.testng.TestRunner.privateRun(TestRunner.java:648)
	at org.testng.TestRunner.run(TestRunner.java:505)
	at org.testng.SuiteRunner.runTest(SuiteRunner.java:455)
	at org.testng.SuiteRunner.runSequentially(SuiteRunner.java:450)
	at org.testng.SuiteRunner.privateRun(SuiteRunner.java:415)
	at org.testng.SuiteRunner.run(SuiteRunner.java:364)
	at org.testng.SuiteRunnerWorker.runSuite(SuiteRunnerWorker.java:52)
	at org.testng.SuiteRunnerWorker.run(SuiteRunnerWorker.java:84)
	at org.testng.TestNG.runSuitesSequentially(TestNG.java:1208)
	at org.testng.TestNG.runSuitesLocally(TestNG.java:1137)
	at org.testng.TestNG.runSuites(TestNG.java:1049)
	at org.testng.TestNG.run(TestNG.java:1017)
	at org.testng.remote.AbstractRemoteTestNG.run(AbstractRemoteTestNG.java:114)
	at org.testng.remote.RemoteTestNG.initAndRun(RemoteTestNG.java:251)
	at org.testng.remote.RemoteTestNG.main(RemoteTestNG.java:77)
2019-11-20 16:24:48,570  INFO [main] TestBase:34 - **** Load Properties File Successfully ****
2019-11-20 16:24:48,574  INFO [main] ProjectsPageTest:54 - **************************** END - add New Project Test ********************************
2019-11-20 16:24:53,225  INFO [main] ProjectsPageTest:61 - ****************************** TearDown - Browser is closed *****************************************
